ERROR: cannot identify image file 'C:\\Users\\kimse\\Downloads\\유튜브소재발굴기\\롱폼생성기\\output\\브롤_20260126\\motion_p28_s1_1769432695.mp4'
Traceback (most recent call last):
  File "C:\Users\kimse\Downloads\유튜브소재발굴기\롱폼생성기\main.py", line 4283, in render_executor_func
    video_path = video_service.create_slideshow(
        images=images,
    ...<10 lines>...
        project_id=project_id         # [FIX] Pass Project ID for logging
    )
  File "C:\Users\kimse\Downloads\유튜브소재발굴기\롱폼생성기\services\video_service.py", line 169, in create_slideshow
    processed_img_path = self._resize_image_to_fill(img_path, resolution)
  File "C:\Users\kimse\Downloads\유튜브소재발굴기\롱폼생성기\services\video_service.py", line 741, in _resize_image_to_fill
    img = Image.open(image_path).convert("RGB")
          ~~~~~~~~~~^^^^^^^^^^^^
  File "C:\Users\kimse\AppData\Roaming\Python\Python313\site-packages\PIL\Image.py", line 3580, in open
    raise UnidentifiedImageError(msg)
PIL.UnidentifiedImageError: cannot identify image file 'C:\\Users\\kimse\\Downloads\\유튜브소재발굴기\\롱폼생성기\\output\\브롤_20260126\\motion_p28_s1_1769432695.mp4'

ERROR: cannot identify image file 'C:\\Users\\kimse\\Downloads\\유튜브소재발굴기\\롱폼생성기\\output\\브롤_20260126\\motion_p28_s1_1769432695.mp4'
Traceback (most recent call last):
  File "C:\Users\kimse\Downloads\유튜브소재발굴기\롱폼생성기\main.py", line 4283, in render_executor_func
    video_path = video_service.create_slideshow(
        images=images,
    ...<10 lines>...
        project_id=project_id         # [FIX] Pass Project ID for logging
    )
  File "C:\Users\kimse\Downloads\유튜브소재발굴기\롱폼생성기\services\video_service.py", line 169, in create_slideshow
    processed_img_path = self._resize_image_to_fill(img_path, resolution)
  File "C:\Users\kimse\Downloads\유튜브소재발굴기\롱폼생성기\services\video_service.py", line 741, in _resize_image_to_fill
    img = Image.open(image_path).convert("RGB")
          ~~~~~~~~~~^^^^^^^^^^^^
  File "C:\Users\kimse\AppData\Roaming\Python\Python313\site-packages\PIL\Image.py", line 3580, in open
    raise UnidentifiedImageError(msg)
PIL.UnidentifiedImageError: cannot identify image file 'C:\\Users\\kimse\\Downloads\\유튜브소재발굴기\\롱폼생성기\\output\\브롤_20260126\\motion_p28_s1_1769432695.mp4'

ERROR: cannot access local variable 'effect' where it is not associated with a value
Traceback (most recent call last):
  File "C:\Users\kimse\Downloads\유튜브소재발굴기\롱폼생성기\main.py", line 4283, in render_executor_func
    video_path = video_service.create_slideshow(
        images=images,
    ...<10 lines>...
        project_id=project_id         # [FIX] Pass Project ID for logging
    )
  File "C:\Users\kimse\Downloads\유튜브소재발굴기\롱폼생성기\services\video_service.py", line 266, in create_slideshow
    if effect:
       ^^^^^^
UnboundLocalError: cannot access local variable 'effect' where it is not associated with a value

ERROR: No module named 'moviepy.editor'
Traceback (most recent call last):
  File "C:\Users\kimse\Downloads\유튜브소재발굴기\롱폼생성기\venv\Lib\site-packages\pydub\utils.py", line 14, in <module>
    import audioop
ModuleNotFoundError: No module named 'audioop'

During handling of the above exception, another exception occurred:

Traceback (most recent call last):
  File "C:\Users\kimse\Downloads\유튜브소재발굴기\롱폼생성기\main.py", line 4410, in render_executor_func
    import pydub
  File "C:\Users\kimse\Downloads\유튜브소재발굴기\롱폼생성기\venv\Lib\site-packages\pydub\__init__.py", line 1, in <module>
    from .audio_segment import AudioSegment
  File "C:\Users\kimse\Downloads\유튜브소재발굴기\롱폼생성기\venv\Lib\site-packages\pydub\audio_segment.py", line 11, in <module>
    from .utils import mediainfo_json, fsdecode
  File "C:\Users\kimse\Downloads\유튜브소재발굴기\롱폼생성기\venv\Lib\site-packages\pydub\utils.py", line 16, in <module>
    import pyaudioop as audioop
ModuleNotFoundError: No module named 'pyaudioop'

During handling of the above exception, another exception occurred:

Traceback (most recent call last):
  File "C:\Users\kimse\Downloads\유튜브소재발굴기\롱폼생성기\main.py", line 4417, in render_executor_func
    from moviepy.editor import AudioFileClip
ModuleNotFoundError: No module named 'moviepy.editor'

ERROR: No module named 'moviepy.editor'
Traceback (most recent call last):
  File "C:\Users\kimse\Downloads\유튜브소재발굴기\롱폼생성기\venv\Lib\site-packages\pydub\utils.py", line 14, in <module>
    import audioop
ModuleNotFoundError: No module named 'audioop'

During handling of the above exception, another exception occurred:

Traceback (most recent call last):
  File "C:\Users\kimse\Downloads\유튜브소재발굴기\롱폼생성기\main.py", line 4410, in render_executor_func
    import pydub
  File "C:\Users\kimse\Downloads\유튜브소재발굴기\롱폼생성기\venv\Lib\site-packages\pydub\__init__.py", line 1, in <module>
    from .audio_segment import AudioSegment
  File "C:\Users\kimse\Downloads\유튜브소재발굴기\롱폼생성기\venv\Lib\site-packages\pydub\audio_segment.py", line 11, in <module>
    from .utils import mediainfo_json, fsdecode
  File "C:\Users\kimse\Downloads\유튜브소재발굴기\롱폼생성기\venv\Lib\site-packages\pydub\utils.py", line 16, in <module>
    import pyaudioop as audioop
ModuleNotFoundError: No module named 'pyaudioop'

During handling of the above exception, another exception occurred:

Traceback (most recent call last):
  File "C:\Users\kimse\Downloads\유튜브소재발굴기\롱폼생성기\main.py", line 4417, in render_executor_func
    from moviepy.editor import AudioFileClip
ModuleNotFoundError: No module named 'moviepy.editor'

ERROR: No module named 'moviepy.editor'
Traceback (most recent call last):
  File "C:\Users\kimse\Downloads\유튜브소재발굴기\롱폼생성기\venv\Lib\site-packages\pydub\utils.py", line 14, in <module>
    import audioop
ModuleNotFoundError: No module named 'audioop'

During handling of the above exception, another exception occurred:

Traceback (most recent call last):
  File "C:\Users\kimse\Downloads\유튜브소재발굴기\롱폼생성기\main.py", line 4446, in render_executor_func
    import pydub
  File "C:\Users\kimse\Downloads\유튜브소재발굴기\롱폼생성기\venv\Lib\site-packages\pydub\__init__.py", line 1, in <module>
    from .audio_segment import AudioSegment
  File "C:\Users\kimse\Downloads\유튜브소재발굴기\롱폼생성기\venv\Lib\site-packages\pydub\audio_segment.py", line 11, in <module>
    from .utils import mediainfo_json, fsdecode
  File "C:\Users\kimse\Downloads\유튜브소재발굴기\롱폼생성기\venv\Lib\site-packages\pydub\utils.py", line 16, in <module>
    import pyaudioop as audioop
ModuleNotFoundError: No module named 'pyaudioop'

During handling of the above exception, another exception occurred:

Traceback (most recent call last):
  File "C:\Users\kimse\Downloads\유튜브소재발굴기\롱폼생성기\main.py", line 4453, in render_executor_func
    from moviepy.editor import AudioFileClip
ModuleNotFoundError: No module named 'moviepy.editor'

ERROR: No module named 'moviepy.editor'
Traceback (most recent call last):
  File "C:\Users\kimse\Downloads\유튜브소재발굴기\롱폼생성기\venv\Lib\site-packages\pydub\utils.py", line 14, in <module>
    import audioop
ModuleNotFoundError: No module named 'audioop'

During handling of the above exception, another exception occurred:

Traceback (most recent call last):
  File "C:\Users\kimse\Downloads\유튜브소재발굴기\롱폼생성기\main.py", line 4446, in render_executor_func
    import pydub
  File "C:\Users\kimse\Downloads\유튜브소재발굴기\롱폼생성기\venv\Lib\site-packages\pydub\__init__.py", line 1, in <module>
    from .audio_segment import AudioSegment
  File "C:\Users\kimse\Downloads\유튜브소재발굴기\롱폼생성기\venv\Lib\site-packages\pydub\audio_segment.py", line 11, in <module>
    from .utils import mediainfo_json, fsdecode
  File "C:\Users\kimse\Downloads\유튜브소재발굴기\롱폼생성기\venv\Lib\site-packages\pydub\utils.py", line 16, in <module>
    import pyaudioop as audioop
ModuleNotFoundError: No module named 'pyaudioop'

During handling of the above exception, another exception occurred:

Traceback (most recent call last):
  File "C:\Users\kimse\Downloads\유튜브소재발굴기\롱폼생성기\main.py", line 4453, in render_executor_func
    from moviepy.editor import AudioFileClip
ModuleNotFoundError: No module named 'moviepy.editor'

